<?xml version="1.0" encoding="UTF-8"?>
<!-- Generated by org.testng.reporters.JUnitReportReporter -->
<testsuite hostname="MAKO" name="com.test.problem.Test_iheartRadio" tests="1" failures="0" timestamp="23 Aug 2016 03:31:01 GMT" time="95.720" errors="0">
  <testcase name="rigisterAnewUser" time="95.720" classname="com.test.problem.Test_iheartRadio"/>
</testsuite> <!-- com.test.problem.Test_iheartRadio -->
