<?xml version="1.0" encoding="UTF-8"?>
<!-- Generated by org.testng.reporters.JUnitReportReporter -->
<testsuite hostname="MAKO" name="com.test.problem.Test_GoogleFeildValidations" tests="2" failures="0" timestamp="22 Aug 2016 10:02:36 GMT" time="16.038" errors="0">
  <testcase name="loadGoogle" time="4.270" classname="com.test.problem.Test_GoogleFeildValidations"/>
  <testcase name="searchGoogle" time="11.768" classname="com.test.problem.Test_GoogleFeildValidations"/>
</testsuite> <!-- com.test.problem.Test_GoogleFeildValidations -->
