<?xml version="1.0" encoding="UTF-8"?>
<!-- Generated by org.testng.reporters.JUnitReportReporter -->
<testsuite hostname="MAKO" name="com.test.problem.Problem1" tests="1" failures="0" timestamp="22 Aug 2016 10:00:05 GMT" time="93.834" errors="0">
  <testcase name="rigisterAnewUser" time="93.834" classname="com.test.problem.Problem1"/>
</testsuite> <!-- com.test.problem.Problem1 -->
