<?xml version="1.0" encoding="UTF-8"?>
<!-- Generated by org.testng.reporters.JUnitReportReporter -->
<testsuite hostname="MAKO" name="com.test.problem.Test_GoogleFeildValidations" tests="2" failures="0" timestamp="23 Aug 2016 03:35:18 GMT" time="17.633" errors="0">
  <testcase name="loadGoogle" time="4.286" classname="com.test.problem.Test_GoogleFeildValidations"/>
  <testcase name="searchGoogle" time="13.347" classname="com.test.problem.Test_GoogleFeildValidations"/>
</testsuite> <!-- com.test.problem.Test_GoogleFeildValidations -->
